<?xml version="1.0" encoding="UTF-8"?>
<!-- Generated by org.testng.reporters.JUnitReportReporter -->
<testsuite name="testcases.TC_001" tests="1" time="32.741" ignored="0" failures="0" timestamp="22 Feb 2018 11:30:31 GMT" skipped="0" hostname="cyber111" errors="0">
  <testcase name="testcase1" time="32.741" classname="testcases.TC_001"/>
</testsuite> <!-- testcases.TC_001 -->
