<?xml version="1.0" encoding="UTF-8"?>
<!-- Generated by org.testng.reporters.JUnitReportReporter -->
<testsuite name="testcases.TC_003" tests="1" time="8.574" ignored="0" failures="0" timestamp="22 Feb 2018 12:45:30 GMT" skipped="0" hostname="cyber111" errors="0">
  <testcase name="testcase1" time="8.574" classname="testcases.TC_003"/>
</testsuite> <!-- testcases.TC_003 -->
